[2024-05-22 11:11:12,691] multiqc                                            [DEBUG  ]  This is MultiQC v1.21
[2024-05-22 11:11:12,692] multiqc                                            [DEBUG  ]  Command used: /usr/local/bin/multiqc /reports -o /reports
[2024-05-22 11:11:13,126] multiqc                                            [WARNING]  MultiQC Version v1.22.1 now available!
[2024-05-22 11:11:13,126] multiqc                                            [DEBUG  ]  Latest MultiQC version is v1.22.1, released 2024-05-17
[2024-05-22 11:11:13,127] multiqc                                            [DEBUG  ]  Working dir : /home/multiqc
[2024-05-22 11:11:13,127] multiqc                                            [DEBUG  ]  Template    : default
[2024-05-22 11:11:13,127] multiqc                                            [DEBUG  ]  Running Python 3.11.8 (main, Feb 13 2024, 09:14:01) [GCC 12.2.0]
[2024-05-22 11:11:13,128] multiqc                                            [DEBUG  ]  Analysing modules: custom_content, ccs, ngsderive, purple, conpair, isoseq, lima, peddy, somalier, methylqa, mosdepth, phantompeakqualtools, qualimap, bamdst, preseq, hifiasm, quast, qorts, rna_seqc, rockhopper, rsem, rseqc, busco, bustools, goleft_indexcov, gffcompare, disambiguate, supernova, deeptools, sargasso, verifybamid, mirtrace, happy, mirtop, sambamba, gopeaks, homer, hops, macs2, theta2, snpeff, gatk, htseq, bcftools, featureCounts, fgbio, dragen, dragen_fastqc, dedup, pbmarkdup, damageprofiler, mapdamage, biobambam2, jcvi, mtnucratio, picard, vep, bakta, prokka, qc3C, nanostat, samblaster, samtools, sexdeterrmine, seqera_cli, eigenstratdatabasetools, bamtools, jellyfish, vcftools, longranger, stacks, varscan2, snippy, umitools, truvari, megahit, bbmap, bismark, biscuit, diamond, hicexplorer, hicup, hicpro, salmon, kallisto, slamdunk, star, hisat2, tophat, bowtie2, bowtie1, cellranger, snpsplit, odgi, pangolin, nextclade, freyja, humid, kat, leehom, librarian, nonpareil, adapterRemoval, bbduk, clipandmerge, cutadapt, flexbar, sourmash, kaiju, bracken, kraken, malt, motus, trimmomatic, sickle, skewer, sortmerna, biobloomtools, fastq_screen, afterqc, fastp, fastqc, filtlong, prinseqplusplus, pychopper, porechop, pycoqc, minionqc, anglerfish, multivcfanalyzer, clusterflow, checkqc, bcl2fastq, bclconvert, interop, ivar, flash, seqyclean, optitype, whatshap, spaceranger, xenome, xengsort, metaphlan, seqwho
[2024-05-22 11:11:13,129] multiqc                                            [DEBUG  ]  Using temporary directory for creating report: /tmp/tmpw_4_kyy2
[2024-05-22 11:11:13,130] multiqc                                            [INFO   ]  Search path : /reports
[2024-05-22 11:11:13,177] multiqc                                            [DEBUG  ]  Summary of files that were skipped by the search: [skipped_module_specific_max_filesize: 8] // [skipped_no_match: 1]
[2024-05-22 11:11:13,241] multiqc                                            [DEBUG  ]  No samples found: custom_content
[2024-05-22 11:11:13,284] multiqc.modules.fastqc.fastqc                      [INFO   ]  Found 1 reports
[2024-05-22 11:11:13,284] multiqc.utils.util_functions                       [DEBUG  ]  Wrote data file multiqc_fastqc.txt
[2024-05-22 11:11:13,331] multiqc.plots.plotly.heatmap                       [DEBUG  ]  Heatmap size: 495x120, px per element: 45.00x120.00
[2024-05-22 11:11:13,333] multiqc.utils.software_versions                    [DEBUG  ]  Reading software versions from config.software_versions
[2024-05-22 11:11:13,334] multiqc.utils.util_functions                       [DEBUG  ]  Wrote data file multiqc_software_versions.txt
[2024-05-22 11:11:13,336] multiqc.utils.util_functions                       [DEBUG  ]  Wrote data file multiqc_general_stats.txt
[2024-05-22 11:11:13,336] multiqc                                            [DEBUG  ]  Compressing plot data
[2024-05-22 11:11:13,356] multiqc.utils.util_functions                       [DEBUG  ]  Wrote data file multiqc_data.json
[2024-05-22 11:11:13,356] multiqc                                            [INFO   ]  Report      : ../../reports/multiqc_report.html
[2024-05-22 11:11:13,356] multiqc                                            [INFO   ]  Data        : ../../reports/multiqc_data
[2024-05-22 11:11:13,356] multiqc                                            [DEBUG  ]  Moving data file from '/tmp/tmpw_4_kyy2/multiqc_data' to '/reports/multiqc_data'
[2024-05-22 11:11:13,361] multiqc                                            [DEBUG  ]  Full report path: /reports/multiqc_report.html
[2024-05-22 11:11:13,416] multiqc                                            [INFO   ]  MultiQC complete
